2021-03-26 18:21:26,434 sagemaker-containers INFO     Imported framework sagemaker_bootstrap
2021-03-26 18:21:26,435 sagemaker_bootstrap INFO     SM_USER_ARGS=["--aws_region","us-east-1","--batch_size","64","--beta_entropy","0.01","--discount_factor","0.999","--e_greedy_value","1","--epsilon_steps","10000","--exploration_type","Categorical","--loss_type","Huber","--lr","0.0003","--model_metadata_s3_key","s3://aws-deepracer-data-us-east-1-1/data-1c0d4629-2ad6-4198-bea9-1fce8bcde475/models/Warford2-clone/model_metadata.json","--num_episodes_between_training","20","--num_epochs","10","--pretrained_s3_bucket","aws-deepracer-data-us-east-1-1","--pretrained_s3_prefix","data-1c0d4629-2ad6-4198-bea9-1fce8bcde475/models/Warford2/sagemaker-robomaker-artifacts","--reward_function_s3_source","s3://aws-deepracer-data-us-east-1-1/data-1c0d4629-2ad6-4198-bea9-1fce8bcde475/models/Warford2-clone/reward_function.py","--s3_bucket","aws-deepracer-data-us-east-1-1","--s3_kms_cmk_arn","arn:aws:kms:us-east-1:372026249783:key/bbd92570-dafc-49a1-a64b-95b8043e67dc","--s3_prefix","data-1c0d4629-2ad6-4198-bea9-1fce8bcde475/models/Warford2-clone/sagemaker-robomaker-artifacts","--stack_size","1"]
2021-03-26 18:21:26,436 sagemaker_bootstrap INFO     All eniron vars=environ({'PATH': '/opt/ml/code/:/usr/local/sbin:/usr/local/bin:/usr/sbin:/usr/bin:/sbin:/bin', 'HOSTNAME': 'ip-10-0-36-69.ec2.internal', 'DMLC_INTERFACE': 'eth0', 'AWS_CONTAINER_CREDENTIALS_RELATIVE_URI': '/v2/credentials/9de08365-0ff4-412d-90d2-4d29ffb8d306', 'ECS_CONTAINER_METADATA_URI_V4': 'http://169.254.170.2/v4/451211e3-ec57-4c9a-b849-b833b63a260f', 'AWS_REGION': 'us-east-1', 'NVIDIA_VISIBLE_DEVICES': 'void', 'TRAINING_JOB_ARN': 'arn:aws:sagemaker:us-east-1:372026249783:training-job/dr-sm-rltj--20210326181812-b19894d7-89b4-45e5-b1a9-3fc6e65e73e9', 'TRAINING_JOB_NAME': 'dr-sm-rltj--20210326181812-b19894d7-89b4-45e5-b1a9-3fc6e65e73e9', 'ECS_CONTAINER_METADATA_URI': 'http://169.254.170.2/v3/451211e3-ec57-4c9a-b849-b833b63a260f', 'AWS_EXECUTION_ENV': 'AWS_ECS_EC2', 'SAGEMAKER_TRAINING_MODULE': 'sagemaker_bootstrap:train', 'PYTHONPATH': '/opt/ml/code/:/opt/amazon/:', 'SAGEMAKER_TRAINING_COMMAND': '/opt/ml/code/sage-train.sh', 'NODE_TYPE': 'SAGEMAKER_TRAINING_WORKER', 'PYTHONUNBUFFERED': '1', 'PYTHONDONTWRITEBYTECODE': '1', 'HOME': '/root', 'SAGEMAKER_JOB_NAME': '', 'CURRENT_HOST': 'algo-1', 'SAGEMAKER_REGION': '', 'SM_HOSTS': '["algo-1"]', 'SM_NETWORK_INTERFACE_NAME': 'eth0', 'SM_HPS': '{"aws_region":"us-east-1","batch_size":64,"beta_entropy":0.01,"discount_factor":0.999,"e_greedy_value":1,"epsilon_steps":10000,"exploration_type":"Categorical","loss_type":"Huber","lr":0.0003,"model_metadata_s3_key":"s3://aws-deepracer-data-us-east-1-1/data-1c0d4629-2ad6-4198-bea9-1fce8bcde475/models/Warford2-clone/model_metadata.json","num_episodes_between_training":20,"num_epochs":10,"pretrained_s3_bucket":"aws-deepracer-data-us-east-1-1","pretrained_s3_prefix":"data-1c0d4629-2ad6-4198-bea9-1fce8bcde475/models/Warford2/sagemaker-robomaker-artifacts","reward_function_s3_source":"s3://aws-deepracer-data-us-east-1-1/data-1c0d4629-2ad6-4198-bea9-1fce8bcde475/models/Warford2-clone/reward_function.py","s3_bucket":"aws-deepracer-data-us-east-1-1","s3_kms_cmk_arn":"arn:aws:kms:us-east-1:372026249783:key/bbd92570-dafc-49a1-a64b-95b8043e67dc","s3_prefix":"data-1c0d4629-2ad6-4198-bea9-1fce8bcde475/models/Warford2-clone/sagemaker-robomaker-artifacts","stack_size":1}', 'SM_RESOURCE_CONFIG': '{"current_host":"algo-1","hosts":["algo-1"],"network_interface_name":"eth0"}', 'SM_INPUT_DATA_CONFIG': '{}', 'SM_OUTPUT_DATA_DIR': '/opt/ml/output/data', 'SM_CHANNELS': '[]', 'SM_CURRENT_HOST': 'algo-1', 'SM_MODULE_NAME': '', 'SM_LOG_LEVEL': '20', 'SM_FRAMEWORK_MODULE': 'sagemaker_bootstrap:train', 'SM_INPUT_DIR': '/opt/ml/input', 'SM_INPUT_CONFIG_DIR': '/opt/ml/input/config', 'SM_OUTPUT_DIR': '/opt/ml/output', 'SM_NUM_CPUS': '8', 'SM_NUM_GPUS': '0', 'SM_MODEL_DIR': '/opt/ml/model', 'SM_MODULE_DIR': '', 'SM_TRAINING_ENV': '{"channel_input_dirs":{},"current_host":"algo-1","framework_module":"sagemaker_bootstrap:train","hosts":["algo-1"],"hyperparameters":{"aws_region":"us-east-1","batch_size":64,"beta_entropy":0.01,"discount_factor":0.999,"e_greedy_value":1,"epsilon_steps":10000,"exploration_type":"Categorical","loss_type":"Huber","lr":0.0003,"model_metadata_s3_key":"s3://aws-deepracer-data-us-east-1-1/data-1c0d4629-2ad6-4198-bea9-1fce8bcde475/models/Warford2-clone/model_metadata.json","num_episodes_between_training":20,"num_epochs":10,"pretrained_s3_bucket":"aws-deepracer-data-us-east-1-1","pretrained_s3_prefix":"data-1c0d4629-2ad6-4198-bea9-1fce8bcde475/models/Warford2/sagemaker-robomaker-artifacts","reward_function_s3_source":"s3://aws-deepracer-data-us-east-1-1/data-1c0d4629-2ad6-4198-bea9-1fce8bcde475/models/Warford2-clone/reward_function.py","s3_bucket":"aws-deepracer-data-us-east-1-1","s3_kms_cmk_arn":"arn:aws:kms:us-east-1:372026249783:key/bbd92570-dafc-49a1-a64b-95b8043e67dc","s3_prefix":"data-1c0d4629-2ad6-4198-bea9-1fce8bcde475/models/Warford2-clone/sagemaker-robomaker-artifacts","stack_size":1},"input_config_dir":"/opt/ml/input/config","input_data_config":{},"input_dir":"/opt/ml/input","job_name":"dr-sm-rltj--20210326181812-b19894d7-89b4-45e5-b1a9-3fc6e65e73e9","log_level":20,"model_dir":"/opt/ml/model","module_dir":"","module_name":"","network_interface_name":"eth0","num_cpus":8,"num_gpus":0,"output_data_dir":"/opt/ml/output/data","output_dir":"/opt/ml/output","resource_config":{"current_host":"algo-1","hosts":["algo-1"],"network_interface_name":"eth0"}}', 'SM_USER_ARGS': '["--aws_region","us-east-1","--batch_size","64","--beta_entropy","0.01","--discount_factor","0.999","--e_greedy_value","1","--epsilon_steps","10000","--exploration_type","Categorical","--loss_type","Huber","--lr","0.0003","--model_metadata_s3_key","s3://aws-deepracer-data-us-east-1-1/data-1c0d4629-2ad6-4198-bea9-1fce8bcde475/models/Warford2-clone/model_metadata.json","--num_episodes_between_training","20","--num_epochs","10","--pretrained_s3_bucket","aws-deepracer-data-us-east-1-1","--pretrained_s3_prefix","data-1c0d4629-2ad6-4198-bea9-1fce8bcde475/models/Warford2/sagemaker-robomaker-artifacts","--reward_function_s3_source","s3://aws-deepracer-data-us-east-1-1/data-1c0d4629-2ad6-4198-bea9-1fce8bcde475/models/Warford2-clone/reward_function.py","--s3_bucket","aws-deepracer-data-us-east-1-1","--s3_kms_cmk_arn","arn:aws:kms:us-east-1:372026249783:key/bbd92570-dafc-49a1-a64b-95b8043e67dc","--s3_prefix","data-1c0d4629-2ad6-4198-bea9-1fce8bcde475/models/Warford2-clone/sagemaker-robomaker-artifacts","--stack_size","1"]', 'SM_HP_BETA_ENTROPY': '0.01', 'SM_HP_BATCH_SIZE': '64', 'SM_HP_LR': '0.0003', 'SM_HP_DISCOUNT_FACTOR': '0.999', 'SM_HP_EPSILON_STEPS': '10000', 'SM_HP_EXPLORATION_TYPE': 'Categorical', 'SM_HP_LOSS_TYPE': 'Huber', 'SM_HP_PRETRAINED_S3_PREFIX': 'data-1c0d4629-2ad6-4198-bea9-1fce8bcde475/models/Warford2/sagemaker-robomaker-artifacts', 'SM_HP_MODEL_METADATA_S3_KEY': 's3://aws-deepracer-data-us-east-1-1/data-1c0d4629-2ad6-4198-bea9-1fce8bcde475/models/Warford2-clone/model_metadata.json', 'SM_HP_S3_BUCKET': 'aws-deepracer-data-us-east-1-1', 'SM_HP_PRETRAINED_S3_BUCKET': 'aws-deepracer-data-us-east-1-1', 'SM_HP_S3_PREFIX': 'data-1c0d4629-2ad6-4198-bea9-1fce8bcde475/models/Warford2-clone/sagemaker-robomaker-artifacts', 'SM_HP_AWS_REGION': 'us-east-1', 'SM_HP_REWARD_FUNCTION_S3_SOURCE': 's3://aws-deepracer-data-us-east-1-1/data-1c0d4629-2ad6-4198-bea9-1fce8bcde475/models/Warford2-clone/reward_function.py', 'SM_HP_E_GREEDY_VALUE': '1', 'SM_HP_NUM_EPISODES_BETWEEN_TRAINING': '20', 'SM_HP_S3_KMS_CMK_ARN': 'arn:aws:kms:us-east-1:372026249783:key/bbd92570-dafc-49a1-a64b-95b8043e67dc', 'SM_HP_STACK_SIZE': '1', 'SM_HP_NUM_EPOCHS': '10'})
2021-03-26 18:21:26,436 sagemaker_bootstrap INFO     Launching training command: /opt/ml/code/sage-train.sh --aws_region us-east-1 --batch_size 64 --beta_entropy 0.01 --discount_factor 0.999 --e_greedy_value 1 --epsilon_steps 10000 --exploration_type Categorical --loss_type Huber --lr 0.0003 --model_metadata_s3_key s3://aws-deepracer-data-us-east-1-1/data-1c0d4629-2ad6-4198-bea9-1fce8bcde475/models/Warford2-clone/model_metadata.json --num_episodes_between_training 20 --num_epochs 10 --pretrained_s3_bucket aws-deepracer-data-us-east-1-1 --pretrained_s3_prefix data-1c0d4629-2ad6-4198-bea9-1fce8bcde475/models/Warford2/sagemaker-robomaker-artifacts --reward_function_s3_source s3://aws-deepracer-data-us-east-1-1/data-1c0d4629-2ad6-4198-bea9-1fce8bcde475/models/Warford2-clone/reward_function.py --s3_bucket aws-deepracer-data-us-east-1-1 --s3_kms_cmk_arn arn:aws:kms:us-east-1:372026249783:key/bbd92570-dafc-49a1-a64b-95b8043e67dc --s3_prefix data-1c0d4629-2ad6-4198-bea9-1fce8bcde475/models/Warford2-clone/sagemaker-robomaker-artifacts --stack_size 1
Starting sage-train.sh
18:C 26 Mar 2021 18:21:26.510 # oO0OoO0OoO0Oo Redis is starting oO0OoO0OoO0Oo
18:C 26 Mar 2021 18:21:26.510 # Redis version=6.0.10, bits=64, commit=00000000, modified=0, pid=18, just started
18:C 26 Mar 2021 18:21:26.510 # Configuration loaded
                _._                                                  
           _.-``__ ''-._                                             
      _.-``    `.  `_.  ''-._           Redis 6.0.10 (00000000/0) 64 bit
  .-`` .-```.  ```\/    _.,_ ''-._                                   
 (    '      ,       .-`  | `,    )     Running in standalone mode
 |`-._`-...-` __...-.``-._|'` _.-'|     Port: 6379
 |    `-._   `._    /     _.-'    |     PID: 18
  `-._    `-._  `-./  _.-'    _.-'                                   
 |`-._`-._    `-.__.-'    _.-'_.-'|                                  
 |    `-._`-._        _.-'_.-'    |           http://redis.io        
  `-._    `-._`-.__.-'_.-'    _.-'                                   
 |`-._`-._    `-.__.-'    _.-'_.-'|                                  
 |    `-._`-._        _.-'_.-'    |                                  
  `-._    `-._`-.__.-'_.-'    _.-'                                   
      `-._    `-.__.-'    _.-'                                       
          `-._        _.-'                                           
              `-.__.-'                                               

18:M 26 Mar 2021 18:21:26.513 # WARNING: The TCP backlog setting of 512 cannot be enforced because /proc/sys/net/core/somaxconn is set to the lower value of 128.
18:M 26 Mar 2021 18:21:26.513 # Server initialized
18:M 26 Mar 2021 18:21:26.513 # WARNING overcommit_memory is set to 0! Background save may fail under low memory condition. To fix this issue add 'vm.overcommit_memory = 1' to /etc/sysctl.conf and then reboot or run the command 'sysctl vm.overcommit_memory=1' for this to take effect.
18:M 26 Mar 2021 18:21:26.513 * Ready to accept connections
[s3] Successfully downloaded model metadata                  from s3 key data-1c0d4629-2ad6-4198-bea9-1fce8bcde475/models/Warford2-clone/model_metadata.json to local ./custom_files/agent/model_metadata.json.
Sensor list ['FRONT_FACING_CAMERA'], network DEEP_CONVOLUTIONAL_NETWORK_SHALLOW, simapp_version 3.0, training_algorithm clipped_ppo, action_space_type discrete
Action space from file: [{'steering_angle': -30, 'speed': 0.3333333333333333, 'index': 0}, {'steering_angle': -30, 'speed': 0.6666666666666666, 'index': 1}, {'steering_angle': -30, 'speed': 1, 'index': 2}, {'steering_angle': 0, 'speed': 0.3333333333333333, 'index': 3}, {'steering_angle': 0, 'speed': 0.6666666666666666, 'index': 4}, {'steering_angle': 0, 'speed': 1, 'index': 5}, {'steering_angle': 30, 'speed': 0.3333333333333333, 'index': 6}, {'steering_angle': 30, 'speed': 0.6666666666666666, 'index': 7}, {'steering_angle': 30, 'speed': 1, 'index': 8}]
Using the following hyper-parameters
{
  "batch_size": 64,
  "beta_entropy": 0.01,
  "discount_factor": 0.999,
  "e_greedy_value": 1.0,
  "epsilon_steps": 10000,
  "exploration_type": "categorical",
  "loss_type": "huber",
  "lr": 0.0003,
  "num_episodes_between_training": 20,
  "num_epochs": 10,
  "stack_size": 1,
  "term_cond_avg_score": 100000.0,
  "term_cond_max_episodes": 100000
}
[s3] Successfully uploaded hyperparameters to                  s3 bucket aws-deepracer-data-us-east-1-1 with s3 key data-1c0d4629-2ad6-4198-bea9-1fce8bcde475/models/Warford2-clone/sagemaker-robomaker-artifacts/ip/hyperparameters.json.
Hostname: ip-10-0-36-69.ec2.internal
[s3] Successfully uploaded ip address to                  s3 bucket aws-deepracer-data-us-east-1-1 with s3 key data-1c0d4629-2ad6-4198-bea9-1fce8bcde475/models/Warford2-clone/sagemaker-robomaker-artifacts/ip/ip.json.
[s3] Successfully uploaded ip done to                  s3 bucket aws-deepracer-data-us-east-1-1 with s3 key data-1c0d4629-2ad6-4198-bea9-1fce8bcde475/models/Warford2-clone/sagemaker-robomaker-artifacts/ip/done.
[s3] Successfully downloaded deepracer checkpoint json from                  s3 key data-1c0d4629-2ad6-4198-bea9-1fce8bcde475/models/Warford2/sagemaker-robomaker-artifacts/model/deepracer_checkpoints.json to local pretrained_checkpoint/agent/deepracer_checkpoints.json.
[s3] Successfully uploaded temp coach checkpoint to                   s3 bucket aws-deepracer-data-us-east-1-1 with s3 key data-1c0d4629-2ad6-4198-bea9-1fce8bcde475/models/Warford2/sagemaker-robomaker-artifacts/model/.coach_checkpoint.
[s3] Successfully downloaded rl coach checkpoint from                  s3 key data-1c0d4629-2ad6-4198-bea9-1fce8bcde475/models/Warford2/sagemaker-robomaker-artifacts/model/.coach_checkpoint to local pretrained_checkpoint/agent/.coach_checkpoint.
[s3] Successfully downloaded 4_Step-6370.ckpt.data-00000-of-00001 from                  s3 key data-1c0d4629-2ad6-4198-bea9-1fce8bcde475/models/Warford2/sagemaker-robomaker-artifacts/model/4_Step-6370.ckpt.data-00000-of-00001 to local pretrained_checkpoint/agent/4_Step-6370.ckpt.data-00000-of-00001.
[s3] Successfully downloaded 4_Step-6370.ckpt.index from                  s3 key data-1c0d4629-2ad6-4198-bea9-1fce8bcde475/models/Warford2/sagemaker-robomaker-artifacts/model/4_Step-6370.ckpt.index to local pretrained_checkpoint/agent/4_Step-6370.ckpt.index.
[s3] Successfully downloaded 4_Step-6370.ckpt.meta from                  s3 key data-1c0d4629-2ad6-4198-bea9-1fce8bcde475/models/Warford2/sagemaker-robomaker-artifacts/model/4_Step-6370.ckpt.meta to local pretrained_checkpoint/agent/4_Step-6370.ckpt.meta.
[s3] Successfully downloaded .ready from                  s3 key data-1c0d4629-2ad6-4198-bea9-1fce8bcde475/models/Warford2/sagemaker-robomaker-artifacts/model/.ready to local pretrained_checkpoint/agent/.ready.
## Creating graph - name: MultiAgentGraphManager
## Start physics before creating graph
## Create graph
## Creating agent - name: agent
[RL] Created agent loggers
[RL] Dynamic import of memory:  "DeepRacerMemoryParameters" {
    "load_memory_from_file_path": null,
    "max_size": [
        "<MemoryGranularity.Transitions: 0>",
        1000000
    ],
    "n_step": -1,
    "shared_memory": false,
    "train_to_eval_ratio": 1
}

[RL] Dynamically imported of memory <markov.memories.deepracer_memory.DeepRacerMemory object at 0x7fd8a19b9208>
[RL] Setting devices
[RL] Setting filters
[RL] Setting filter devices: numpy
[RL] Setting Phase
[RL] After setting Phase
[RL] Setting signals
[RL] Agent init successful
[RL] ActorCriticAgent init
[RL] ActorCriticAgent  init successful
## Created agent: agent
## Stop physics after creating graph
## Creating session
2021-03-26 18:23:49.278353: I tensorflow/core/platform/cpu_feature_guard.cc:141] Your CPU supports instructions that this TensorFlow binary was not compiled to use: AVX2 FMA
Checkpoint> Restoring from path=./pretrained_checkpoint/agent/4_Step-6370.ckpt
INFO:tensorflow:./checkpoint/agent/5_Step-0.ckpt is not in all_model_checkpoint_paths. Manually adding it.
Checkpoint> Saving in path=['./checkpoint/agent/5_Step-0.ckpt']
[s3] Successfully uploaded .lock to                      s3 bucket aws-deepracer-data-us-east-1-1 with s3 key data-1c0d4629-2ad6-4198-bea9-1fce8bcde475/models/Warford2-clone/sagemaker-robomaker-artifacts/model/.lock.
Uploaded 3 files for checkpoint 5
[s3] Successfully uploaded coach checkpoint to                   s3 bucket aws-deepracer-data-us-east-1-1 with s3 key data-1c0d4629-2ad6-4198-bea9-1fce8bcde475/models/Warford2-clone/sagemaker-robomaker-artifacts/model/.coach_checkpoint.
Unable to find deepracer checkpoint json
Unable to find the best deepracer checkpoint number. Getting the last checkpoint number
Unable to find deepracer checkpoint json
Unable to find the last deepracer checkpoint number.
Unable to find deepracer checkpoint json
Unable to find the last deepracer checkpoint number.
INFO:tensorflow:Froze 11 variables.
INFO:tensorflow:Converted 11 variables to const ops.
saved intermediate frozen graph: data-1c0d4629-2ad6-4198-bea9-1fce8bcde475/models/Warford2-clone/sagemaker-robomaker-artifacts/model/model_5.pb
Best checkpoint number: -1, Last checkpoint number: -1
Copying the frozen checkpoint from ./frozen_models/agent/model_5.pb to /opt/ml/model/agent/model.pb.
Unable to find deepracer checkpoint json
[s3] Successfully uploaded .lock to                      s3 bucket aws-deepracer-data-us-east-1-1 with s3 key data-1c0d4629-2ad6-4198-bea9-1fce8bcde475/models/Warford2-clone/sagemaker-robomaker-artifacts/model/.lock.
[s3] Successfully uploaded .ready to                      s3 bucket aws-deepracer-data-us-east-1-1 with s3 key data-1c0d4629-2ad6-4198-bea9-1fce8bcde475/models/Warford2-clone/sagemaker-robomaker-artifacts/model/.ready.
DoorMan: installing SIGINT, SIGTERM
Training> Name=main_level/agent, Worker=0, Episode=1, Total reward=0, Steps=221, Training iteration=0
Training> Name=main_level/agent, Worker=0, Episode=2, Total reward=0, Steps=781, Training iteration=0
Training> Name=main_level/agent, Worker=0, Episode=3, Total reward=0, Steps=858, Training iteration=0
Training> Name=main_level/agent, Worker=0, Episode=4, Total reward=0, Steps=914, Training iteration=0
Training> Name=main_level/agent, Worker=0, Episode=5, Total reward=0, Steps=1318, Training iteration=0
Training> Name=main_level/agent, Worker=0, Episode=6, Total reward=0, Steps=1344, Training iteration=0
Training> Name=main_level/agent, Worker=0, Episode=7, Total reward=0, Steps=1430, Training iteration=0
Training> Name=main_level/agent, Worker=0, Episode=8, Total reward=0, Steps=1645, Training iteration=0
Training> Name=main_level/agent, Worker=0, Episode=9, Total reward=0, Steps=1846, Training iteration=0
Training> Name=main_level/agent, Worker=0, Episode=10, Total reward=0, Steps=1982, Training iteration=0
Training> Name=main_level/agent, Worker=0, Episode=11, Total reward=0, Steps=2113, Training iteration=0
Training> Name=main_level/agent, Worker=0, Episode=12, Total reward=0, Steps=2327, Training iteration=0
Training> Name=main_level/agent, Worker=0, Episode=13, Total reward=0, Steps=2656, Training iteration=0
Training> Name=main_level/agent, Worker=0, Episode=14, Total reward=0, Steps=2786, Training iteration=0
Training> Name=main_level/agent, Worker=0, Episode=15, Total reward=0, Steps=3143, Training iteration=0
Training> Name=main_level/agent, Worker=0, Episode=16, Total reward=0, Steps=3394, Training iteration=0
Training> Name=main_level/agent, Worker=0, Episode=17, Total reward=0, Steps=3450, Training iteration=0
Training> Name=main_level/agent, Worker=0, Episode=18, Total reward=0, Steps=3617, Training iteration=0
Training> Name=main_level/agent, Worker=0, Episode=19, Total reward=0, Steps=3812, Training iteration=0
Training> Name=main_level/agent, Worker=0, Episode=20, Total reward=0, Steps=4095, Training iteration=0
Policy training> Surrogate loss=0.0072771282866597176, KL divergence=0.01886940374970436, Entropy=2.0074474811553955, training epoch=0, learning_rate=0.0003
Policy training> Surrogate loss=-0.053766947239637375, KL divergence=0.023955466225743294, Entropy=1.9799362421035767, training epoch=1, learning_rate=0.0003
Policy training> Surrogate loss=-0.0828840434551239, KL divergence=0.026904283091425896, Entropy=1.9730045795440674, training epoch=2, learning_rate=0.0003
Policy training> Surrogate loss=-0.10239383578300476, KL divergence=0.029854891821742058, Entropy=1.9689977169036865, training epoch=3, learning_rate=0.0003
Policy training> Surrogate loss=-0.11179987341165543, KL divergence=0.037730567157268524, Entropy=1.9553213119506836, training epoch=4, learning_rate=0.0003
Policy training> Surrogate loss=-0.1241401880979538, KL divergence=0.04184655100107193, Entropy=1.9524478912353516, training epoch=5, learning_rate=0.0003
Policy training> Surrogate loss=-0.1294706016778946, KL divergence=0.04711298272013664, Entropy=1.945580005645752, training epoch=6, learning_rate=0.0003
Policy training> Surrogate loss=-0.13608098030090332, KL divergence=0.052725598216056824, Entropy=1.9359360933303833, training epoch=7, learning_rate=0.0003
Policy training> Surrogate loss=-0.13959592580795288, KL divergence=0.05636756867170334, Entropy=1.9337056875228882, training epoch=8, learning_rate=0.0003
Policy training> Surrogate loss=-0.14582042396068573, KL divergence=0.06039229407906532, Entropy=1.9295814037322998, training epoch=9, learning_rate=0.0003
INFO:tensorflow:./checkpoint/agent/6_Step-4095.ckpt is not in all_model_checkpoint_paths. Manually adding it.
Checkpoint> Saving in path=['./checkpoint/agent/6_Step-4095.ckpt']
[s3] Successfully uploaded .lock to                      s3 bucket aws-deepracer-data-us-east-1-1 with s3 key data-1c0d4629-2ad6-4198-bea9-1fce8bcde475/models/Warford2-clone/sagemaker-robomaker-artifacts/model/.lock.
Uploaded 3 files for checkpoint 6
[s3] Successfully uploaded coach checkpoint to                   s3 bucket aws-deepracer-data-us-east-1-1 with s3 key data-1c0d4629-2ad6-4198-bea9-1fce8bcde475/models/Warford2-clone/sagemaker-robomaker-artifacts/model/.coach_checkpoint.
[s3] Successfully downloaded deepracer checkpoint json from                  s3 key data-1c0d4629-2ad6-4198-bea9-1fce8bcde475/models/Warford2-clone/sagemaker-robomaker-artifacts/model/deepracer_checkpoints.json to local checkpoint/agent/deepracer_checkpoints.json.
[s3] Successfully downloaded deepracer checkpoint json from                  s3 key data-1c0d4629-2ad6-4198-bea9-1fce8bcde475/models/Warford2-clone/sagemaker-robomaker-artifacts/model/deepracer_checkpoints.json to local checkpoint/agent/deepracer_checkpoints.json.
INFO:tensorflow:Froze 11 variables.
INFO:tensorflow:Converted 11 variables to const ops.
saved intermediate frozen graph: data-1c0d4629-2ad6-4198-bea9-1fce8bcde475/models/Warford2-clone/sagemaker-robomaker-artifacts/model/model_6.pb
Best checkpoint number: 5, Last checkpoint number: 5
Copying the frozen checkpoint from ./frozen_models/agent/model_5.pb to /opt/ml/model/agent/model.pb.
[s3] Successfully downloaded deepracer checkpoint json from                  s3 key data-1c0d4629-2ad6-4198-bea9-1fce8bcde475/models/Warford2-clone/sagemaker-robomaker-artifacts/model/deepracer_checkpoints.json to local checkpoint/agent/deepracer_checkpoints.json.
Training> Name=main_level/agent, Worker=0, Episode=21, Total reward=0, Steps=4272, Training iteration=1
Training> Name=main_level/agent, Worker=0, Episode=22, Total reward=0, Steps=4400, Training iteration=1
Training> Name=main_level/agent, Worker=0, Episode=23, Total reward=0, Steps=4814, Training iteration=1
Training> Name=main_level/agent, Worker=0, Episode=24, Total reward=0, Steps=5141, Training iteration=1
Training> Name=main_level/agent, Worker=0, Episode=25, Total reward=0, Steps=5201, Training iteration=1
Training> Name=main_level/agent, Worker=0, Episode=26, Total reward=0, Steps=5463, Training iteration=1
Training> Name=main_level/agent, Worker=0, Episode=27, Total reward=0, Steps=5645, Training iteration=1
Training> Name=main_level/agent, Worker=0, Episode=28, Total reward=0, Steps=5860, Training iteration=1
Training> Name=main_level/agent, Worker=0, Episode=29, Total reward=0, Steps=6033, Training iteration=1
Training> Name=main_level/agent, Worker=0, Episode=30, Total reward=0, Steps=6272, Training iteration=1
Training> Name=main_level/agent, Worker=0, Episode=31, Total reward=0, Steps=6345, Training iteration=1
Training> Name=main_level/agent, Worker=0, Episode=32, Total reward=0, Steps=6480, Training iteration=1
Training> Name=main_level/agent, Worker=0, Episode=33, Total reward=0, Steps=6513, Training iteration=1
Training> Name=main_level/agent, Worker=0, Episode=34, Total reward=0, Steps=7304, Training iteration=1
Training> Name=main_level/agent, Worker=0, Episode=35, Total reward=0, Steps=7384, Training iteration=1
Training> Name=main_level/agent, Worker=0, Episode=36, Total reward=0, Steps=7417, Training iteration=1
Training> Name=main_level/agent, Worker=0, Episode=37, Total reward=0, Steps=8250, Training iteration=1
Training> Name=main_level/agent, Worker=0, Episode=38, Total reward=0, Steps=8280, Training iteration=1
Training> Name=main_level/agent, Worker=0, Episode=39, Total reward=0, Steps=8459, Training iteration=1
Training> Name=main_level/agent, Worker=0, Episode=40, Total reward=0, Steps=8743, Training iteration=1
Policy training> Surrogate loss=0.027318093925714493, KL divergence=0.03733468055725098, Entropy=1.9591069221496582, training epoch=0, learning_rate=0.0003
Policy training> Surrogate loss=-0.053971730172634125, KL divergence=0.04098150506615639, Entropy=1.9470620155334473, training epoch=1, learning_rate=0.0003
Policy training> Surrogate loss=-0.08792117238044739, KL divergence=0.0413939394056797, Entropy=1.9364488124847412, training epoch=2, learning_rate=0.0003
Policy training> Surrogate loss=-0.11102810502052307, KL divergence=0.045080773532390594, Entropy=1.913290023803711, training epoch=3, learning_rate=0.0003
Policy training> Surrogate loss=-0.12121973931789398, KL divergence=0.05007563531398773, Entropy=1.90618896484375, training epoch=4, learning_rate=0.0003
Policy training> Surrogate loss=-0.13006004691123962, KL divergence=0.056513890624046326, Entropy=1.8908737897872925, training epoch=5, learning_rate=0.0003
Policy training> Surrogate loss=-0.1369948387145996, KL divergence=0.06002712994813919, Entropy=1.8847566843032837, training epoch=6, learning_rate=0.0003
Policy training> Surrogate loss=-0.1393723040819168, KL divergence=0.06160302832722664, Entropy=1.8852640390396118, training epoch=7, learning_rate=0.0003
Policy training> Surrogate loss=-0.1429738849401474, KL divergence=0.06621406227350235, Entropy=1.8753348588943481, training epoch=8, learning_rate=0.0003
Policy training> Surrogate loss=-0.140780508518219, KL divergence=0.06865201890468597, Entropy=1.8788825273513794, training epoch=9, learning_rate=0.0003
INFO:tensorflow:./checkpoint/agent/7_Step-8743.ckpt is not in all_model_checkpoint_paths. Manually adding it.
Checkpoint> Saving in path=['./checkpoint/agent/7_Step-8743.ckpt']
[s3] Successfully uploaded .lock to                      s3 bucket aws-deepracer-data-us-east-1-1 with s3 key data-1c0d4629-2ad6-4198-bea9-1fce8bcde475/models/Warford2-clone/sagemaker-robomaker-artifacts/model/.lock.
Uploaded 3 files for checkpoint 7
[s3] Successfully uploaded coach checkpoint to                   s3 bucket aws-deepracer-data-us-east-1-1 with s3 key data-1c0d4629-2ad6-4198-bea9-1fce8bcde475/models/Warford2-clone/sagemaker-robomaker-artifacts/model/.coach_checkpoint.
[s3] Successfully downloaded deepracer checkpoint json from                  s3 key data-1c0d4629-2ad6-4198-bea9-1fce8bcde475/models/Warford2-clone/sagemaker-robomaker-artifacts/model/deepracer_checkpoints.json to local checkpoint/agent/deepracer_checkpoints.json.
[s3] Successfully downloaded deepracer checkpoint json from                  s3 key data-1c0d4629-2ad6-4198-bea9-1fce8bcde475/models/Warford2-clone/sagemaker-robomaker-artifacts/model/deepracer_checkpoints.json to local checkpoint/agent/deepracer_checkpoints.json.
INFO:tensorflow:Froze 11 variables.
INFO:tensorflow:Converted 11 variables to const ops.
saved intermediate frozen graph: data-1c0d4629-2ad6-4198-bea9-1fce8bcde475/models/Warford2-clone/sagemaker-robomaker-artifacts/model/model_7.pb
Best checkpoint number: 5, Last checkpoint number: 5
Copying the frozen checkpoint from ./frozen_models/agent/model_5.pb to /opt/ml/model/agent/model.pb.
[s3] Successfully downloaded deepracer checkpoint json from                  s3 key data-1c0d4629-2ad6-4198-bea9-1fce8bcde475/models/Warford2-clone/sagemaker-robomaker-artifacts/model/deepracer_checkpoints.json to local checkpoint/agent/deepracer_checkpoints.json.
Training> Name=main_level/agent, Worker=0, Episode=41, Total reward=0, Steps=8780, Training iteration=2
Training> Name=main_level/agent, Worker=0, Episode=42, Total reward=0, Steps=9017, Training iteration=2
Training> Name=main_level/agent, Worker=0, Episode=43, Total reward=0, Steps=9124, Training iteration=2
Training> Name=main_level/agent, Worker=0, Episode=44, Total reward=0, Steps=9438, Training iteration=2
Training> Name=main_level/agent, Worker=0, Episode=45, Total reward=0, Steps=9509, Training iteration=2
Training> Name=main_level/agent, Worker=0, Episode=46, Total reward=0, Steps=9545, Training iteration=2
Training> Name=main_level/agent, Worker=0, Episode=47, Total reward=0, Steps=9814, Training iteration=2
Training> Name=main_level/agent, Worker=0, Episode=48, Total reward=0, Steps=10154, Training iteration=2
Training> Name=main_level/agent, Worker=0, Episode=49, Total reward=0, Steps=10314, Training iteration=2
Training> Name=main_level/agent, Worker=0, Episode=50, Total reward=0, Steps=10447, Training iteration=2
Training> Name=main_level/agent, Worker=0, Episode=51, Total reward=0, Steps=10606, Training iteration=2
Training> Name=main_level/agent, Worker=0, Episode=52, Total reward=0, Steps=10640, Training iteration=2
Training> Name=main_level/agent, Worker=0, Episode=53, Total reward=0, Steps=10722, Training iteration=2
Training> Name=main_level/agent, Worker=0, Episode=54, Total reward=0, Steps=10927, Training iteration=2
Training> Name=main_level/agent, Worker=0, Episode=55, Total reward=0, Steps=11007, Training iteration=2
Training> Name=main_level/agent, Worker=0, Episode=56, Total reward=0, Steps=11709, Training iteration=2
Training> Name=main_level/agent, Worker=0, Episode=57, Total reward=0, Steps=11736, Training iteration=2
Training> Name=main_level/agent, Worker=0, Episode=58, Total reward=0, Steps=11871, Training iteration=2
Training> Name=main_level/agent, Worker=0, Episode=59, Total reward=0, Steps=12164, Training iteration=2
Training> Name=main_level/agent, Worker=0, Episode=60, Total reward=0, Steps=12313, Training iteration=2
Policy training> Surrogate loss=0.02697848714888096, KL divergence=0.05063624680042267, Entropy=1.8936182260513306, training epoch=0, learning_rate=0.0003
Policy training> Surrogate loss=-0.05911535397171974, KL divergence=0.0669914036989212, Entropy=1.884657621383667, training epoch=1, learning_rate=0.0003
Policy training> Surrogate loss=-0.08516194671392441, KL divergence=0.07733442634344101, Entropy=1.8599404096603394, training epoch=2, learning_rate=0.0003
Policy training> Surrogate loss=-0.113528311252594, KL divergence=0.07383065670728683, Entropy=1.8529787063598633, training epoch=3, learning_rate=0.0003
Policy training> Surrogate loss=-0.12285348773002625, KL divergence=0.07575391978025436, Entropy=1.8391969203948975, training epoch=4, learning_rate=0.0003
Policy training> Surrogate loss=-0.1339384913444519, KL divergence=0.07742802053689957, Entropy=1.8383560180664062, training epoch=5, learning_rate=0.0003
Policy training> Surrogate loss=-0.13922491669654846, KL divergence=0.07533200085163116, Entropy=1.838022232055664, training epoch=6, learning_rate=0.0003
Policy training> Surrogate loss=-0.14406238496303558, KL divergence=0.0797698125243187, Entropy=1.8304654359817505, training epoch=7, learning_rate=0.0003
Policy training> Surrogate loss=-0.1502653807401657, KL divergence=0.08065219968557358, Entropy=1.82584547996521, training epoch=8, learning_rate=0.0003
Policy training> Surrogate loss=-0.14744903147220612, KL divergence=0.08130622655153275, Entropy=1.8286715745925903, training epoch=9, learning_rate=0.0003
INFO:tensorflow:./checkpoint/agent/8_Step-12313.ckpt is not in all_model_checkpoint_paths. Manually adding it.
Checkpoint> Saving in path=['./checkpoint/agent/8_Step-12313.ckpt']
[s3] Successfully uploaded .lock to                      s3 bucket aws-deepracer-data-us-east-1-1 with s3 key data-1c0d4629-2ad6-4198-bea9-1fce8bcde475/models/Warford2-clone/sagemaker-robomaker-artifacts/model/.lock.
Uploaded 3 files for checkpoint 8
[s3] Successfully uploaded coach checkpoint to                   s3 bucket aws-deepracer-data-us-east-1-1 with s3 key data-1c0d4629-2ad6-4198-bea9-1fce8bcde475/models/Warford2-clone/sagemaker-robomaker-artifacts/model/.coach_checkpoint.
[s3] Successfully downloaded deepracer checkpoint json from                  s3 key data-1c0d4629-2ad6-4198-bea9-1fce8bcde475/models/Warford2-clone/sagemaker-robomaker-artifacts/model/deepracer_checkpoints.json to local checkpoint/agent/deepracer_checkpoints.json.
[s3] Successfully downloaded deepracer checkpoint json from                  s3 key data-1c0d4629-2ad6-4198-bea9-1fce8bcde475/models/Warford2-clone/sagemaker-robomaker-artifacts/model/deepracer_checkpoints.json to local checkpoint/agent/deepracer_checkpoints.json.
INFO:tensorflow:Froze 11 variables.
INFO:tensorflow:Converted 11 variables to const ops.
saved intermediate frozen graph: data-1c0d4629-2ad6-4198-bea9-1fce8bcde475/models/Warford2-clone/sagemaker-robomaker-artifacts/model/model_8.pb
Best checkpoint number: 5, Last checkpoint number: 6
Copying the frozen checkpoint from ./frozen_models/agent/model_5.pb to /opt/ml/model/agent/model.pb.
[s3] Successfully downloaded deepracer checkpoint json from                  s3 key data-1c0d4629-2ad6-4198-bea9-1fce8bcde475/models/Warford2-clone/sagemaker-robomaker-artifacts/model/deepracer_checkpoints.json to local checkpoint/agent/deepracer_checkpoints.json.
Training> Name=main_level/agent, Worker=0, Episode=61, Total reward=0, Steps=12543, Training iteration=3
Training> Name=main_level/agent, Worker=0, Episode=62, Total reward=0, Steps=12733, Training iteration=3
Training> Name=main_level/agent, Worker=0, Episode=63, Total reward=0, Steps=12912, Training iteration=3
Training> Name=main_level/agent, Worker=0, Episode=64, Total reward=0, Steps=12973, Training iteration=3
Training> Name=main_level/agent, Worker=0, Episode=65, Total reward=0, Steps=13017, Training iteration=3
Training> Name=main_level/agent, Worker=0, Episode=66, Total reward=0, Steps=13493, Training iteration=3
Training> Name=main_level/agent, Worker=0, Episode=67, Total reward=0, Steps=13876, Training iteration=3
Training> Name=main_level/agent, Worker=0, Episode=68, Total reward=0, Steps=14151, Training iteration=3
Training> Name=main_level/agent, Worker=0, Episode=69, Total reward=0, Steps=14319, Training iteration=3
Training> Name=main_level/agent, Worker=0, Episode=70, Total reward=0, Steps=14680, Training iteration=3
Training> Name=main_level/agent, Worker=0, Episode=71, Total reward=0, Steps=14916, Training iteration=3
Training> Name=main_level/agent, Worker=0, Episode=72, Total reward=0, Steps=14997, Training iteration=3
Training> Name=main_level/agent, Worker=0, Episode=73, Total reward=0, Steps=15062, Training iteration=3
Training> Name=main_level/agent, Worker=0, Episode=74, Total reward=0, Steps=15160, Training iteration=3
Training> Name=main_level/agent, Worker=0, Episode=75, Total reward=0, Steps=15372, Training iteration=3
Training> Name=main_level/agent, Worker=0, Episode=76, Total reward=0, Steps=15409, Training iteration=3
Training> Name=main_level/agent, Worker=0, Episode=77, Total reward=0, Steps=15626, Training iteration=3
Training> Name=main_level/agent, Worker=0, Episode=78, Total reward=0, Steps=15805, Training iteration=3
Training> Name=main_level/agent, Worker=0, Episode=79, Total reward=0, Steps=16393, Training iteration=3
Training> Name=main_level/agent, Worker=0, Episode=80, Total reward=0, Steps=17080, Training iteration=3
Policy training> Surrogate loss=0.024058440700173378, KL divergence=0.04519474506378174, Entropy=1.8441416025161743, training epoch=0, learning_rate=0.0003
Policy training> Surrogate loss=-0.05680675804615021, KL divergence=0.05626750737428665, Entropy=1.8309924602508545, training epoch=1, learning_rate=0.0003
Policy training> Surrogate loss=-0.09181966632604599, KL divergence=0.05761979892849922, Entropy=1.7923084497451782, training epoch=2, learning_rate=0.0003
Policy training> Surrogate loss=-0.10660988092422485, KL divergence=0.06239522621035576, Entropy=1.7782349586486816, training epoch=3, learning_rate=0.0003
Policy training> Surrogate loss=-0.11652863025665283, KL divergence=0.06426887214183807, Entropy=1.7721271514892578, training epoch=4, learning_rate=0.0003
Policy training> Surrogate loss=-0.12214316427707672, KL divergence=0.06763281673192978, Entropy=1.757716178894043, training epoch=5, learning_rate=0.0003
Policy training> Surrogate loss=-0.12560689449310303, KL divergence=0.07116220146417618, Entropy=1.7513184547424316, training epoch=6, learning_rate=0.0003
Policy training> Surrogate loss=-0.12712255120277405, KL divergence=0.07268538326025009, Entropy=1.7515414953231812, training epoch=7, learning_rate=0.0003
Policy training> Surrogate loss=-0.1288996785879135, KL divergence=0.07245183736085892, Entropy=1.758410930633545, training epoch=8, learning_rate=0.0003
Policy training> Surrogate loss=-0.13236364722251892, KL divergence=0.07469082623720169, Entropy=1.7483116388320923, training epoch=9, learning_rate=0.0003
INFO:tensorflow:./checkpoint/agent/9_Step-17080.ckpt is not in all_model_checkpoint_paths. Manually adding it.
Checkpoint> Saving in path=['./checkpoint/agent/9_Step-17080.ckpt']
[s3] Successfully uploaded .lock to                      s3 bucket aws-deepracer-data-us-east-1-1 with s3 key data-1c0d4629-2ad6-4198-bea9-1fce8bcde475/models/Warford2-clone/sagemaker-robomaker-artifacts/model/.lock.
Uploaded 3 files for checkpoint 9
[s3] Successfully uploaded coach checkpoint to                   s3 bucket aws-deepracer-data-us-east-1-1 with s3 key data-1c0d4629-2ad6-4198-bea9-1fce8bcde475/models/Warford2-clone/sagemaker-robomaker-artifacts/model/.coach_checkpoint.
[s3] Successfully downloaded deepracer checkpoint json from                  s3 key data-1c0d4629-2ad6-4198-bea9-1fce8bcde475/models/Warford2-clone/sagemaker-robomaker-artifacts/model/deepracer_checkpoints.json to local checkpoint/agent/deepracer_checkpoints.json.
[s3] Successfully downloaded deepracer checkpoint json from                  s3 key data-1c0d4629-2ad6-4198-bea9-1fce8bcde475/models/Warford2-clone/sagemaker-robomaker-artifacts/model/deepracer_checkpoints.json to local checkpoint/agent/deepracer_checkpoints.json.
INFO:tensorflow:Froze 11 variables.
INFO:tensorflow:Converted 11 variables to const ops.
saved intermediate frozen graph: data-1c0d4629-2ad6-4198-bea9-1fce8bcde475/models/Warford2-clone/sagemaker-robomaker-artifacts/model/model_9.pb
Best checkpoint number: 5, Last checkpoint number: 7
Copying the frozen checkpoint from ./frozen_models/agent/model_5.pb to /opt/ml/model/agent/model.pb.
[s3] Successfully downloaded deepracer checkpoint json from                  s3 key data-1c0d4629-2ad6-4198-bea9-1fce8bcde475/models/Warford2-clone/sagemaker-robomaker-artifacts/model/deepracer_checkpoints.json to local checkpoint/agent/deepracer_checkpoints.json.
Deleting the frozen models in s3 for the iterations: {'6'}
Training> Name=main_level/agent, Worker=0, Episode=81, Total reward=0, Steps=17738, Training iteration=4
Training> Name=main_level/agent, Worker=0, Episode=82, Total reward=0, Steps=18221, Training iteration=4
Training> Name=main_level/agent, Worker=0, Episode=83, Total reward=0, Steps=18809, Training iteration=4
Training> Name=main_level/agent, Worker=0, Episode=84, Total reward=0, Steps=19195, Training iteration=4
Training> Name=main_level/agent, Worker=0, Episode=85, Total reward=0, Steps=19273, Training iteration=4
Training> Name=main_level/agent, Worker=0, Episode=86, Total reward=0, Steps=19659, Training iteration=4
Training> Name=main_level/agent, Worker=0, Episode=87, Total reward=0, Steps=20022, Training iteration=4
Training> Name=main_level/agent, Worker=0, Episode=88, Total reward=0, Steps=20648, Training iteration=4
Training> Name=main_level/agent, Worker=0, Episode=89, Total reward=0, Steps=20991, Training iteration=4
Training> Name=main_level/agent, Worker=0, Episode=90, Total reward=0, Steps=21217, Training iteration=4
Training> Name=main_level/agent, Worker=0, Episode=91, Total reward=0, Steps=21829, Training iteration=4
Training> Name=main_level/agent, Worker=0, Episode=92, Total reward=0, Steps=22401, Training iteration=4
Training> Name=main_level/agent, Worker=0, Episode=93, Total reward=0, Steps=22455, Training iteration=4
Training> Name=main_level/agent, Worker=0, Episode=94, Total reward=0, Steps=22522, Training iteration=4
Training> Name=main_level/agent, Worker=0, Episode=95, Total reward=0, Steps=22674, Training iteration=4
Training> Name=main_level/agent, Worker=0, Episode=96, Total reward=0, Steps=23114, Training iteration=4
Training> Name=main_level/agent, Worker=0, Episode=97, Total reward=0, Steps=23500, Training iteration=4
Training> Name=main_level/agent, Worker=0, Episode=98, Total reward=0, Steps=24260, Training iteration=4
Training> Name=main_level/agent, Worker=0, Episode=99, Total reward=0, Steps=24761, Training iteration=4
Training> Name=main_level/agent, Worker=0, Episode=100, Total reward=0, Steps=25040, Training iteration=4
Policy training> Surrogate loss=0.040140438824892044, KL divergence=0.06475880742073059, Entropy=1.849919319152832, training epoch=0, learning_rate=0.0003
Policy training> Surrogate loss=-0.04189351573586464, KL divergence=0.06166674569249153, Entropy=1.8191815614700317, training epoch=1, learning_rate=0.0003
Policy training> Surrogate loss=-0.07830572128295898, KL divergence=0.06096402183175087, Entropy=1.791648030281067, training epoch=2, learning_rate=0.0003
Policy training> Surrogate loss=-0.09615875035524368, KL divergence=0.06568396836519241, Entropy=1.7723089456558228, training epoch=3, learning_rate=0.0003
Policy training> Surrogate loss=-0.10768506675958633, KL divergence=0.06907294690608978, Entropy=1.7657251358032227, training epoch=4, learning_rate=0.0003
Policy training> Surrogate loss=-0.11296681314706802, KL divergence=0.07210874557495117, Entropy=1.7603743076324463, training epoch=5, learning_rate=0.0003
Policy training> Surrogate loss=-0.11679088324308395, KL divergence=0.07667948305606842, Entropy=1.7475194931030273, training epoch=6, learning_rate=0.0003
Policy training> Surrogate loss=-0.12000470608472824, KL divergence=0.07938633114099503, Entropy=1.7467244863510132, training epoch=7, learning_rate=0.0003
Policy training> Surrogate loss=-0.12053822726011276, KL divergence=0.08253256231546402, Entropy=1.7493852376937866, training epoch=8, learning_rate=0.0003
Policy training> Surrogate loss=-0.12278104573488235, KL divergence=0.08565444499254227, Entropy=1.7437134981155396, training epoch=9, learning_rate=0.0003
INFO:tensorflow:./checkpoint/agent/10_Step-25040.ckpt is not in all_model_checkpoint_paths. Manually adding it.
Checkpoint> Saving in path=['./checkpoint/agent/10_Step-25040.ckpt']
[s3] Successfully uploaded .lock to                      s3 bucket aws-deepracer-data-us-east-1-1 with s3 key data-1c0d4629-2ad6-4198-bea9-1fce8bcde475/models/Warford2-clone/sagemaker-robomaker-artifacts/model/.lock.
Uploaded 3 files for checkpoint 10
[s3] Successfully uploaded coach checkpoint to                   s3 bucket aws-deepracer-data-us-east-1-1 with s3 key data-1c0d4629-2ad6-4198-bea9-1fce8bcde475/models/Warford2-clone/sagemaker-robomaker-artifacts/model/.coach_checkpoint.
[s3] Successfully downloaded deepracer checkpoint json from                  s3 key data-1c0d4629-2ad6-4198-bea9-1fce8bcde475/models/Warford2-clone/sagemaker-robomaker-artifacts/model/deepracer_checkpoints.json to local checkpoint/agent/deepracer_checkpoints.json.
[s3] Successfully downloaded deepracer checkpoint json from                  s3 key data-1c0d4629-2ad6-4198-bea9-1fce8bcde475/models/Warford2-clone/sagemaker-robomaker-artifacts/model/deepracer_checkpoints.json to local checkpoint/agent/deepracer_checkpoints.json.
INFO:tensorflow:Froze 11 variables.
INFO:tensorflow:Converted 11 variables to const ops.
saved intermediate frozen graph: data-1c0d4629-2ad6-4198-bea9-1fce8bcde475/models/Warford2-clone/sagemaker-robomaker-artifacts/model/model_10.pb
Best checkpoint number: 5, Last checkpoint number: 8
Copying the frozen checkpoint from ./frozen_models/agent/model_5.pb to /opt/ml/model/agent/model.pb.
[s3] Successfully downloaded deepracer checkpoint json from                  s3 key data-1c0d4629-2ad6-4198-bea9-1fce8bcde475/models/Warford2-clone/sagemaker-robomaker-artifacts/model/deepracer_checkpoints.json to local checkpoint/agent/deepracer_checkpoints.json.
Deleting the frozen models in s3 for the iterations: {'7'}
Training> Name=main_level/agent, Worker=0, Episode=101, Total reward=0, Steps=25289, Training iteration=5
